\BOOKMARK [0][-]{chapter.1}{Package bao}{}% 1
\BOOKMARK [1][-]{section.1.1}{Class BaoBoard}{chapter.1}% 2
\BOOKMARK [2][-]{subsection.1.1.1}{Declaration}{section.1.1}% 3
\BOOKMARK [2][-]{subsection.1.1.2}{Constructor summary}{section.1.1}% 4
\BOOKMARK [2][-]{subsection.1.1.3}{Method summary}{section.1.1}% 5
\BOOKMARK [2][-]{subsection.1.1.4}{Constructors}{section.1.1}% 6
\BOOKMARK [2][-]{subsection.1.1.5}{Methods}{section.1.1}% 7
\BOOKMARK [1][-]{section.1.2}{Class BaoGame}{chapter.1}% 8
\BOOKMARK [2][-]{subsection.1.2.1}{Declaration}{section.1.2}% 9
\BOOKMARK [2][-]{subsection.1.2.2}{Field summary}{section.1.2}% 10
\BOOKMARK [2][-]{subsection.1.2.3}{Constructor summary}{section.1.2}% 11
\BOOKMARK [2][-]{subsection.1.2.4}{Method summary}{section.1.2}% 12
\BOOKMARK [2][-]{subsection.1.2.5}{Fields}{section.1.2}% 13
\BOOKMARK [2][-]{subsection.1.2.6}{Constructors}{section.1.2}% 14
\BOOKMARK [2][-]{subsection.1.2.7}{Methods}{section.1.2}% 15
\BOOKMARK [2][-]{subsection.1.2.8}{Members inherited from class Observable }{section.1.2}% 16
\BOOKMARK [1][-]{section.1.3}{Class Hole}{chapter.1}% 17
\BOOKMARK [2][-]{subsection.1.3.1}{Declaration}{section.1.3}% 18
\BOOKMARK [2][-]{subsection.1.3.2}{Field summary}{section.1.3}% 19
\BOOKMARK [2][-]{subsection.1.3.3}{Constructor summary}{section.1.3}% 20
\BOOKMARK [2][-]{subsection.1.3.4}{Fields}{section.1.3}% 21
\BOOKMARK [2][-]{subsection.1.3.5}{Constructors}{section.1.3}% 22
\BOOKMARK [2][-]{subsection.1.3.6}{Members inherited from class Button }{section.1.3}% 23
\BOOKMARK [2][-]{subsection.1.3.7}{Members inherited from class ButtonBase }{section.1.3}% 24
\BOOKMARK [2][-]{subsection.1.3.8}{Members inherited from class Labeled }{section.1.3}% 25
\BOOKMARK [2][-]{subsection.1.3.9}{Members inherited from class Control }{section.1.3}% 26
\BOOKMARK [2][-]{subsection.1.3.10}{Members inherited from class Region }{section.1.3}% 27
\BOOKMARK [2][-]{subsection.1.3.11}{Members inherited from class Parent }{section.1.3}% 28
\BOOKMARK [2][-]{subsection.1.3.12}{Members inherited from class Node }{section.1.3}% 29
\BOOKMARK [1][-]{section.1.4}{Class Move}{chapter.1}% 30
\BOOKMARK [2][-]{subsection.1.4.1}{Declaration}{section.1.4}% 31
\BOOKMARK [2][-]{subsection.1.4.2}{Constructor summary}{section.1.4}% 32
\BOOKMARK [2][-]{subsection.1.4.3}{Method summary}{section.1.4}% 33
\BOOKMARK [2][-]{subsection.1.4.4}{Constructors}{section.1.4}% 34
\BOOKMARK [2][-]{subsection.1.4.5}{Methods}{section.1.4}% 35
\BOOKMARK [1][-]{section.1.5}{Class MoveType}{chapter.1}% 36
\BOOKMARK [2][-]{subsection.1.5.1}{Declaration}{section.1.5}% 37
\BOOKMARK [2][-]{subsection.1.5.2}{Field summary}{section.1.5}% 38
\BOOKMARK [2][-]{subsection.1.5.3}{Method summary}{section.1.5}% 39
\BOOKMARK [2][-]{subsection.1.5.4}{Fields}{section.1.5}% 40
\BOOKMARK [2][-]{subsection.1.5.5}{Methods}{section.1.5}% 41
\BOOKMARK [2][-]{subsection.1.5.6}{Members inherited from class Enum }{section.1.5}% 42
\BOOKMARK [0][-]{chapter.2}{Package bao.player}{}% 43
\BOOKMARK [1][-]{section.2.1}{Class AIPlayer}{chapter.2}% 44
\BOOKMARK [2][-]{subsection.2.1.1}{Declaration}{section.2.1}% 45
\BOOKMARK [2][-]{subsection.2.1.2}{Constructor summary}{section.2.1}% 46
\BOOKMARK [2][-]{subsection.2.1.3}{Method summary}{section.2.1}% 47
\BOOKMARK [2][-]{subsection.2.1.4}{Constructors}{section.2.1}% 48
\BOOKMARK [2][-]{subsection.2.1.5}{Methods}{section.2.1}% 49
\BOOKMARK [2][-]{subsection.2.1.6}{Members inherited from class BaoPlayer }{section.2.1}% 50
\BOOKMARK [1][-]{section.2.2}{Class BaoPlayer}{chapter.2}% 51
\BOOKMARK [2][-]{subsection.2.2.1}{Declaration}{section.2.2}% 52
\BOOKMARK [2][-]{subsection.2.2.2}{All known subclasses}{section.2.2}% 53
\BOOKMARK [2][-]{subsection.2.2.3}{Field summary}{section.2.2}% 54
\BOOKMARK [2][-]{subsection.2.2.4}{Constructor summary}{section.2.2}% 55
\BOOKMARK [2][-]{subsection.2.2.5}{Method summary}{section.2.2}% 56
\BOOKMARK [2][-]{subsection.2.2.6}{Fields}{section.2.2}% 57
\BOOKMARK [2][-]{subsection.2.2.7}{Constructors}{section.2.2}% 58
\BOOKMARK [2][-]{subsection.2.2.8}{Methods}{section.2.2}% 59
\BOOKMARK [1][-]{section.2.3}{Class Direction}{chapter.2}% 60
\BOOKMARK [2][-]{subsection.2.3.1}{Declaration}{section.2.3}% 61
\BOOKMARK [2][-]{subsection.2.3.2}{Field summary}{section.2.3}% 62
\BOOKMARK [2][-]{subsection.2.3.3}{Method summary}{section.2.3}% 63
\BOOKMARK [2][-]{subsection.2.3.4}{Fields}{section.2.3}% 64
\BOOKMARK [2][-]{subsection.2.3.5}{Methods}{section.2.3}% 65
\BOOKMARK [2][-]{subsection.2.3.6}{Members inherited from class Enum }{section.2.3}% 66
\BOOKMARK [1][-]{section.2.4}{Class HumanPlayer}{chapter.2}% 67
\BOOKMARK [2][-]{subsection.2.4.1}{Declaration}{section.2.4}% 68
\BOOKMARK [2][-]{subsection.2.4.2}{Constructor summary}{section.2.4}% 69
\BOOKMARK [2][-]{subsection.2.4.3}{Method summary}{section.2.4}% 70
\BOOKMARK [2][-]{subsection.2.4.4}{Constructors}{section.2.4}% 71
\BOOKMARK [2][-]{subsection.2.4.5}{Methods}{section.2.4}% 72
\BOOKMARK [2][-]{subsection.2.4.6}{Members inherited from class BaoPlayer }{section.2.4}% 73
\BOOKMARK [1][-]{section.2.5}{Class PlayerType}{chapter.2}% 74
\BOOKMARK [2][-]{subsection.2.5.1}{Declaration}{section.2.5}% 75
\BOOKMARK [2][-]{subsection.2.5.2}{Field summary}{section.2.5}% 76
\BOOKMARK [2][-]{subsection.2.5.3}{Method summary}{section.2.5}% 77
\BOOKMARK [2][-]{subsection.2.5.4}{Fields}{section.2.5}% 78
\BOOKMARK [2][-]{subsection.2.5.5}{Methods}{section.2.5}% 79
\BOOKMARK [2][-]{subsection.2.5.6}{Members inherited from class Enum }{section.2.5}% 80
\BOOKMARK [1][-]{section.2.6}{Class TurnType}{chapter.2}% 81
\BOOKMARK [2][-]{subsection.2.6.1}{Declaration}{section.2.6}% 82
\BOOKMARK [2][-]{subsection.2.6.2}{Field summary}{section.2.6}% 83
\BOOKMARK [2][-]{subsection.2.6.3}{Method summary}{section.2.6}% 84
\BOOKMARK [2][-]{subsection.2.6.4}{Fields}{section.2.6}% 85
\BOOKMARK [2][-]{subsection.2.6.5}{Methods}{section.2.6}% 86
\BOOKMARK [2][-]{subsection.2.6.6}{Members inherited from class Enum }{section.2.6}% 87
\BOOKMARK [0][-]{chapter.3}{Package bao.tree}{}% 88
\BOOKMARK [1][-]{section.3.1}{Class GameNode}{chapter.3}% 89
\BOOKMARK [2][-]{subsection.3.1.1}{Declaration}{section.3.1}% 90
\BOOKMARK [2][-]{subsection.3.1.2}{Field summary}{section.3.1}% 91
\BOOKMARK [2][-]{subsection.3.1.3}{Constructor summary}{section.3.1}% 92
\BOOKMARK [2][-]{subsection.3.1.4}{Method summary}{section.3.1}% 93
\BOOKMARK [2][-]{subsection.3.1.5}{Fields}{section.3.1}% 94
\BOOKMARK [2][-]{subsection.3.1.6}{Constructors}{section.3.1}% 95
\BOOKMARK [2][-]{subsection.3.1.7}{Methods}{section.3.1}% 96
\BOOKMARK [1][-]{section.3.2}{Class GameTree}{chapter.3}% 97
\BOOKMARK [2][-]{subsection.3.2.1}{Declaration}{section.3.2}% 98
\BOOKMARK [2][-]{subsection.3.2.2}{Field summary}{section.3.2}% 99
\BOOKMARK [2][-]{subsection.3.2.3}{Constructor summary}{section.3.2}% 100
\BOOKMARK [2][-]{subsection.3.2.4}{Method summary}{section.3.2}% 101
\BOOKMARK [2][-]{subsection.3.2.5}{Fields}{section.3.2}% 102
\BOOKMARK [2][-]{subsection.3.2.6}{Constructors}{section.3.2}% 103
\BOOKMARK [2][-]{subsection.3.2.7}{Methods}{section.3.2}% 104
\BOOKMARK [1][-]{section.3.3}{Class NodeType}{chapter.3}% 105
\BOOKMARK [2][-]{subsection.3.3.1}{Declaration}{section.3.3}% 106
\BOOKMARK [2][-]{subsection.3.3.2}{Field summary}{section.3.3}% 107
\BOOKMARK [2][-]{subsection.3.3.3}{Method summary}{section.3.3}% 108
\BOOKMARK [2][-]{subsection.3.3.4}{Fields}{section.3.3}% 109
\BOOKMARK [2][-]{subsection.3.3.5}{Methods}{section.3.3}% 110
\BOOKMARK [2][-]{subsection.3.3.6}{Members inherited from class Enum }{section.3.3}% 111
